2026-05-12 00:38:04.379  INFO 12460 --- [main] com.example.demo.DemoApplication         : Starting DemoApplication using Java 17.0.4.1 on Windows10-2025 with PID 12460 (C:\Users\usuario\Desktop\wrk\Proyecto1-main\demo\target\classes started by usuario in C:\Users\usuario\Desktop\wrk\Proyecto1-main\demo)
2026-05-12 00:38:04.383  INFO 12460 --- [main] com.example.demo.DemoApplication         : No active profile set, falling back to default profiles: default
2026-05-12 00:38:05.344  INFO 12460 --- [main] .s.d.r.c.RepositoryConfigurationDelegate : Bootstrapping Spring Data JPA repositories in DEFAULT mode.
2026-05-12 00:38:05.404  INFO 12460 --- [main] .s.d.r.c.RepositoryConfigurationDelegate : Finished Spring Data repository scanning in 46 ms. Found 1 JPA repository interfaces.
2026-05-12 00:38:05.951  INFO 12460 --- [main] o.s.b.w.embedded.tomcat.TomcatWebServer  : Tomcat initialized with port(s): 8080 (http)
2026-05-12 00:38:05.965  INFO 12460 --- [main] o.apache.catalina.core.StandardService   : Starting service [Tomcat]
2026-05-12 00:38:05.965  INFO 12460 --- [main] org.apache.catalina.core.StandardEngine  : Starting Servlet engine: [Apache Tomcat/9.0.56]
2026-05-12 00:38:06.067  INFO 12460 --- [main] o.a.c.c.C.[Tomcat].[localhost].[/]       : Initializing Spring embedded WebApplicationContext
2026-05-12 00:38:06.068  INFO 12460 --- [main] w.s.c.ServletWebServerApplicationContext : Root WebApplicationContext: initialization completed in 1578 ms
2026-05-12 00:38:06.266  INFO 12460 --- [main] o.hibernate.jpa.internal.util.LogHelper  : HHH000204: Processing PersistenceUnitInfo [name: default]
2026-05-12 00:38:06.371  INFO 12460 --- [main] org.hibernate.Version                    : HHH000412: Hibernate ORM core version 5.4.33
2026-05-12 00:38:06.596  INFO 12460 --- [main] o.hibernate.annotations.common.Version   : HCANN000001: Hibernate Commons Annotations {5.1.2.Final}
2026-05-12 00:38:06.737  INFO 12460 --- [main] com.zaxxer.hikari.HikariDataSource       : HikariPool-1 - Starting...
2026-05-12 00:38:06.928  INFO 12460 --- [main] com.zaxxer.hikari.HikariDataSource       : HikariPool-1 - Start completed.
2026-05-12 00:38:06.955  INFO 12460 --- [main] org.hibernate.dialect.Dialect            : HHH000400: Using dialect: org.hibernate.dialect.PostgreSQLDialect
2026-05-12 00:38:07.757  INFO 12460 --- [main] o.h.e.t.j.p.i.JtaPlatformInitiator       : HHH000490: Using JtaPlatform implementation: [org.hibernate.engine.transaction.jta.platform.internal.NoJtaPlatform]
2026-05-12 00:38:07.770  INFO 12460 --- [main] j.LocalContainerEntityManagerFactoryBean : Initialized JPA EntityManagerFactory for persistence unit 'default'
2026-05-12 00:38:08.036  WARN 12460 --- [main] JpaBaseConfiguration$JpaWebConfiguration : spring.jpa.open-in-view is enabled by default. Therefore, database queries may be performed during view rendering. Explicitly configure spring.jpa.open-in-view to disable this warning
2026-05-12 00:38:08.342  WARN 12460 --- [main] ConfigServletWebServerApplicationContext : Exception encountered during context initialization - cancelling refresh attempt: org.springframework.context.ApplicationContextException: Failed to start bean 'webServerStartStop'; nested exception is org.springframework.boot.web.server.PortInUseException: Port 8080 is already in use
2026-05-12 00:38:08.343  INFO 12460 --- [main] j.LocalContainerEntityManagerFactoryBean : Closing JPA EntityManagerFactory for persistence unit 'default'
2026-05-12 00:38:08.345  INFO 12460 --- [main] com.zaxxer.hikari.HikariDataSource       : HikariPool-1 - Shutdown initiated...
2026-05-12 00:38:08.352  INFO 12460 --- [main] com.zaxxer.hikari.HikariDataSource       : HikariPool-1 - Shutdown completed.
2026-05-12 00:38:08.355  INFO 12460 --- [main] o.apache.catalina.core.StandardService   : Stopping service [Tomcat]
2026-05-12 00:38:08.366  INFO 12460 --- [main] ConditionEvaluationReportLoggingListener : 

Error starting ApplicationContext. To display the conditions report re-run your application with 'debug' enabled.
2026-05-12 00:38:08.380 ERROR 12460 --- [main] o.s.b.d.LoggingFailureAnalysisReporter   : 

***************************
APPLICATION FAILED TO START
***************************

Description:

Web server failed to start. Port 8080 was already in use.

Action:

Identify and stop the process that's listening on port 8080 or configure this application to listen on another port.

2026-05-12 00:49:00.837  INFO 3948 --- [main] com.example.demo.DemoApplication         : Starting DemoApplication using Java 17.0.4.1 on Windows10-2025 with PID 3948 (C:\Users\usuario\Desktop\wrk\Proyecto1-main\demo\target\classes started by usuario in C:\Users\usuario\Desktop\wrk\Proyecto1-main\demo)
2026-05-12 00:49:00.839  INFO 3948 --- [main] com.example.demo.DemoApplication         : No active profile set, falling back to default profiles: default
2026-05-12 00:49:01.692  INFO 3948 --- [main] .s.d.r.c.RepositoryConfigurationDelegate : Bootstrapping Spring Data JPA repositories in DEFAULT mode.
2026-05-12 00:49:01.770  INFO 3948 --- [main] .s.d.r.c.RepositoryConfigurationDelegate : Finished Spring Data repository scanning in 65 ms. Found 1 JPA repository interfaces.
2026-05-12 00:49:02.500  INFO 3948 --- [main] o.s.b.w.embedded.tomcat.TomcatWebServer  : Tomcat initialized with port(s): 8080 (http)
2026-05-12 00:49:02.529  INFO 3948 --- [main] o.apache.catalina.core.StandardService   : Starting service [Tomcat]
2026-05-12 00:49:02.530  INFO 3948 --- [main] org.apache.catalina.core.StandardEngine  : Starting Servlet engine: [Apache Tomcat/9.0.56]
2026-05-12 00:49:02.752  INFO 3948 --- [main] o.a.c.c.C.[Tomcat].[localhost].[/]       : Initializing Spring embedded WebApplicationContext
2026-05-12 00:49:02.753  INFO 3948 --- [main] w.s.c.ServletWebServerApplicationContext : Root WebApplicationContext: initialization completed in 1846 ms
2026-05-12 00:49:03.109  INFO 3948 --- [main] o.hibernate.jpa.internal.util.LogHelper  : HHH000204: Processing PersistenceUnitInfo [name: default]
2026-05-12 00:49:03.252  INFO 3948 --- [main] org.hibernate.Version                    : HHH000412: Hibernate ORM core version 5.4.33
2026-05-12 00:49:03.612  INFO 3948 --- [main] o.hibernate.annotations.common.Version   : HCANN000001: Hibernate Commons Annotations {5.1.2.Final}
2026-05-12 00:49:03.781  INFO 3948 --- [main] com.zaxxer.hikari.HikariDataSource       : HikariPool-1 - Starting...
2026-05-12 00:49:04.004  INFO 3948 --- [main] com.zaxxer.hikari.HikariDataSource       : HikariPool-1 - Start completed.
2026-05-12 00:49:04.052  INFO 3948 --- [main] org.hibernate.dialect.Dialect            : HHH000400: Using dialect: org.hibernate.dialect.PostgreSQLDialect
2026-05-12 00:49:05.339  INFO 3948 --- [main] o.h.e.t.j.p.i.JtaPlatformInitiator       : HHH000490: Using JtaPlatform implementation: [org.hibernate.engine.transaction.jta.platform.internal.NoJtaPlatform]
2026-05-12 00:49:05.364  INFO 3948 --- [main] j.LocalContainerEntityManagerFactoryBean : Initialized JPA EntityManagerFactory for persistence unit 'default'
2026-05-12 00:49:05.877  WARN 3948 --- [main] JpaBaseConfiguration$JpaWebConfiguration : spring.jpa.open-in-view is enabled by default. Therefore, database queries may be performed during view rendering. Explicitly configure spring.jpa.open-in-view to disable this warning
2026-05-12 00:49:06.442  INFO 3948 --- [main] o.s.b.w.embedded.tomcat.TomcatWebServer  : Tomcat started on port(s): 8080 (http) with context path ''
2026-05-12 00:49:06.456  INFO 3948 --- [main] com.example.demo.DemoApplication         : Started DemoApplication in 6.08 seconds (JVM running for 6.963)
2026-05-12 00:49:12.503  INFO 3948 --- [http-nio-8080-exec-1] o.a.c.c.C.[Tomcat].[localhost].[/]       : Initializing Spring DispatcherServlet 'dispatcherServlet'
2026-05-12 00:49:12.505  INFO 3948 --- [http-nio-8080-exec-1] o.s.web.servlet.DispatcherServlet        : Initializing Servlet 'dispatcherServlet'
2026-05-12 00:49:12.506  INFO 3948 --- [http-nio-8080-exec-1] o.s.web.servlet.DispatcherServlet        : Completed initialization in 1 ms
2026-05-12 01:03:10.178  INFO 3948 --- [RMI TCP Connection(22)-127.0.0.1] inMXBeanRegistrar$SpringApplicationAdmin : Application shutdown requested.
2026-05-12 01:03:10.200  INFO 3948 --- [RMI TCP Connection(22)-127.0.0.1] j.LocalContainerEntityManagerFactoryBean : Closing JPA EntityManagerFactory for persistence unit 'default'
2026-05-12 01:03:10.203  INFO 3948 --- [RMI TCP Connection(22)-127.0.0.1] com.zaxxer.hikari.HikariDataSource       : HikariPool-1 - Shutdown initiated...
2026-05-12 01:03:10.211  INFO 3948 --- [RMI TCP Connection(22)-127.0.0.1] com.zaxxer.hikari.HikariDataSource       : HikariPool-1 - Shutdown completed.
2026-05-12 01:03:12.699  INFO 12864 --- [main] com.example.demo.DemoApplication         : Starting DemoApplication using Java 17.0.4.1 on Windows10-2025 with PID 12864 (C:\Users\usuario\Desktop\wrk\Proyecto1-main\demo\target\classes started by usuario in C:\Users\usuario\Desktop\wrk\Proyecto1-main\demo)
2026-05-12 01:03:12.705  INFO 12864 --- [main] com.example.demo.DemoApplication         : No active profile set, falling back to default profiles: default
2026-05-12 01:03:13.569  INFO 12864 --- [main] .s.d.r.c.RepositoryConfigurationDelegate : Bootstrapping Spring Data JPA repositories in DEFAULT mode.
2026-05-12 01:03:13.637  INFO 12864 --- [main] .s.d.r.c.RepositoryConfigurationDelegate : Finished Spring Data repository scanning in 57 ms. Found 1 JPA repository interfaces.
2026-05-12 01:03:14.329  INFO 12864 --- [main] o.s.b.w.embedded.tomcat.TomcatWebServer  : Tomcat initialized with port(s): 8080 (http)
2026-05-12 01:03:14.354  INFO 12864 --- [main] o.apache.catalina.core.StandardService   : Starting service [Tomcat]
2026-05-12 01:03:14.355  INFO 12864 --- [main] org.apache.catalina.core.StandardEngine  : Starting Servlet engine: [Apache Tomcat/9.0.56]
2026-05-12 01:03:14.542  INFO 12864 --- [main] o.a.c.c.C.[Tomcat].[localhost].[/]       : Initializing Spring embedded WebApplicationContext
2026-05-12 01:03:14.543  INFO 12864 --- [main] w.s.c.ServletWebServerApplicationContext : Root WebApplicationContext: initialization completed in 1699 ms
2026-05-12 01:03:14.836  INFO 12864 --- [main] o.hibernate.jpa.internal.util.LogHelper  : HHH000204: Processing PersistenceUnitInfo [name: default]
2026-05-12 01:03:14.940  INFO 12864 --- [main] org.hibernate.Version                    : HHH000412: Hibernate ORM core version 5.4.33
2026-05-12 01:03:15.187  INFO 12864 --- [main] o.hibernate.annotations.common.Version   : HCANN000001: Hibernate Commons Annotations {5.1.2.Final}
2026-05-12 01:03:15.330  INFO 12864 --- [main] com.zaxxer.hikari.HikariDataSource       : HikariPool-1 - Starting...
2026-05-12 01:03:15.509  INFO 12864 --- [main] com.zaxxer.hikari.HikariDataSource       : HikariPool-1 - Start completed.
2026-05-12 01:03:15.540  INFO 12864 --- [main] org.hibernate.dialect.Dialect            : HHH000400: Using dialect: org.hibernate.dialect.PostgreSQLDialect
2026-05-12 01:03:16.639  INFO 12864 --- [main] o.h.e.t.j.p.i.JtaPlatformInitiator       : HHH000490: Using JtaPlatform implementation: [org.hibernate.engine.transaction.jta.platform.internal.NoJtaPlatform]
2026-05-12 01:03:16.666  INFO 12864 --- [main] j.LocalContainerEntityManagerFactoryBean : Initialized JPA EntityManagerFactory for persistence unit 'default'
2026-05-12 01:03:17.038  WARN 12864 --- [main] JpaBaseConfiguration$JpaWebConfiguration : spring.jpa.open-in-view is enabled by default. Therefore, database queries may be performed during view rendering. Explicitly configure spring.jpa.open-in-view to disable this warning
2026-05-12 01:03:17.421  INFO 12864 --- [main] o.s.b.w.embedded.tomcat.TomcatWebServer  : Tomcat started on port(s): 8080 (http) with context path ''
2026-05-12 01:03:17.439  INFO 12864 --- [main] com.example.demo.DemoApplication         : Started DemoApplication in 5.226 seconds (JVM running for 6.14)
2026-05-12 01:03:17.669  INFO 12864 --- [http-nio-8080-exec-1] o.a.c.c.C.[Tomcat].[localhost].[/]       : Initializing Spring DispatcherServlet 'dispatcherServlet'
2026-05-12 01:03:17.669  INFO 12864 --- [http-nio-8080-exec-1] o.s.web.servlet.DispatcherServlet        : Initializing Servlet 'dispatcherServlet'
2026-05-12 01:03:17.671  INFO 12864 --- [http-nio-8080-exec-1] o.s.web.servlet.DispatcherServlet        : Completed initialization in 1 ms
2026-05-12 01:15:41.848  INFO 12864 --- [RMI TCP Connection(19)-127.0.0.1] inMXBeanRegistrar$SpringApplicationAdmin : Application shutdown requested.
2026-05-12 01:15:41.868  INFO 12864 --- [RMI TCP Connection(19)-127.0.0.1] j.LocalContainerEntityManagerFactoryBean : Closing JPA EntityManagerFactory for persistence unit 'default'
2026-05-12 01:15:41.870  INFO 12864 --- [RMI TCP Connection(19)-127.0.0.1] com.zaxxer.hikari.HikariDataSource       : HikariPool-1 - Shutdown initiated...
2026-05-12 01:15:41.878  INFO 12864 --- [RMI TCP Connection(19)-127.0.0.1] com.zaxxer.hikari.HikariDataSource       : HikariPool-1 - Shutdown completed.
2026-05-12 01:15:44.262  INFO 8632 --- [main] com.example.demo.DemoApplication         : Starting DemoApplication using Java 17.0.4.1 on Windows10-2025 with PID 8632 (C:\Users\usuario\Desktop\wrk\Proyecto1-main\demo\target\classes started by usuario in C:\Users\usuario\Desktop\wrk\Proyecto1-main\demo)
2026-05-12 01:15:44.266  INFO 8632 --- [main] com.example.demo.DemoApplication         : No active profile set, falling back to default profiles: default
2026-05-12 01:15:45.077  INFO 8632 --- [main] .s.d.r.c.RepositoryConfigurationDelegate : Bootstrapping Spring Data JPA repositories in DEFAULT mode.
2026-05-12 01:15:45.154  INFO 8632 --- [main] .s.d.r.c.RepositoryConfigurationDelegate : Finished Spring Data repository scanning in 61 ms. Found 1 JPA repository interfaces.
2026-05-12 01:15:45.851  INFO 8632 --- [main] o.s.b.w.embedded.tomcat.TomcatWebServer  : Tomcat initialized with port(s): 8080 (http)
2026-05-12 01:15:45.863  INFO 8632 --- [main] o.apache.catalina.core.StandardService   : Starting service [Tomcat]
2026-05-12 01:15:45.864  INFO 8632 --- [main] org.apache.catalina.core.StandardEngine  : Starting Servlet engine: [Apache Tomcat/9.0.56]
2026-05-12 01:15:45.961  INFO 8632 --- [main] o.a.c.c.C.[Tomcat].[localhost].[/]       : Initializing Spring embedded WebApplicationContext
2026-05-12 01:15:45.962  INFO 8632 --- [main] w.s.c.ServletWebServerApplicationContext : Root WebApplicationContext: initialization completed in 1631 ms
2026-05-12 01:15:46.198  INFO 8632 --- [main] o.hibernate.jpa.internal.util.LogHelper  : HHH000204: Processing PersistenceUnitInfo [name: default]
2026-05-12 01:15:46.278  INFO 8632 --- [main] org.hibernate.Version                    : HHH000412: Hibernate ORM core version 5.4.33
2026-05-12 01:15:46.592  INFO 8632 --- [main] o.hibernate.annotations.common.Version   : HCANN000001: Hibernate Commons Annotations {5.1.2.Final}
2026-05-12 01:15:46.728  INFO 8632 --- [main] com.zaxxer.hikari.HikariDataSource       : HikariPool-1 - Starting...
2026-05-12 01:15:46.910  INFO 8632 --- [main] com.zaxxer.hikari.HikariDataSource       : HikariPool-1 - Start completed.
2026-05-12 01:15:46.944  INFO 8632 --- [main] org.hibernate.dialect.Dialect            : HHH000400: Using dialect: org.hibernate.dialect.PostgreSQLDialect
2026-05-12 01:15:47.911  INFO 8632 --- [main] o.h.e.t.j.p.i.JtaPlatformInitiator       : HHH000490: Using JtaPlatform implementation: [org.hibernate.engine.transaction.jta.platform.internal.NoJtaPlatform]
2026-05-12 01:15:47.927  INFO 8632 --- [main] j.LocalContainerEntityManagerFactoryBean : Initialized JPA EntityManagerFactory for persistence unit 'default'
2026-05-12 01:15:48.323  WARN 8632 --- [main] JpaBaseConfiguration$JpaWebConfiguration : spring.jpa.open-in-view is enabled by default. Therefore, database queries may be performed during view rendering. Explicitly configure spring.jpa.open-in-view to disable this warning
2026-05-12 01:15:48.652  INFO 8632 --- [main] o.s.b.w.embedded.tomcat.TomcatWebServer  : Tomcat started on port(s): 8080 (http) with context path ''
2026-05-12 01:15:48.660  INFO 8632 --- [main] com.example.demo.DemoApplication         : Started DemoApplication in 4.84 seconds (JVM running for 5.621)
2026-05-12 01:15:54.794  INFO 8632 --- [http-nio-8080-exec-1] o.a.c.c.C.[Tomcat].[localhost].[/]       : Initializing Spring DispatcherServlet 'dispatcherServlet'
2026-05-12 01:15:54.794  INFO 8632 --- [http-nio-8080-exec-1] o.s.web.servlet.DispatcherServlet        : Initializing Servlet 'dispatcherServlet'
2026-05-12 01:15:54.795  INFO 8632 --- [http-nio-8080-exec-1] o.s.web.servlet.DispatcherServlet        : Completed initialization in 1 ms
